<?xml version="1.0" encoding="UTF-8"?>
<!-- Generated by org.testng.reporters.JUnitXMLReporter -->
<testsuite hostname="SCA-WS093L" name="ChromeFunctionalTesting" tests="13" failures="3" timestamp="11 Oct 2017 21:28:52 GMT" time="148.68" errors="0">
  <testcase name="testVerifyThatLoginPageIsDisplayedWhenUserClickLoginLink" time="1.951" classname="tests.LoginTest"/>
  <testcase name="testVerifyThatLoginPageTitleIsCorrectWhenUserClickLoginButtonSeveralTimes" time="1.802" classname="tests.LoginTest">
    <failure type="java.lang.AssertionError" message="The following asserts failed:
null, null, null, null">
      <![CDATA[java.lang.AssertionError: The following asserts failed:
null, null, null, null
	at tests.LoginTest.testVerifyThatLoginPageTitleIsCorrectWhenUserClickLoginButtonSeveralTimes(LoginTest.java:118)
... Removed 24 stack frames]]>
    </failure>
  </testcase> <!-- testVerifyThatLoginPageTitleIsCorrectWhenUserClickLoginButtonSeveralTimes -->
  <testcase name="testVerifyThatUserIsAbleToLoginWithValidCredentials" time="2.045" classname="tests.LoginTest">
    <failure type="java.lang.AssertionError" message="expected [true] but found [false]">
      <![CDATA[java.lang.AssertionError: expected [true] but found [false]
	at tests.LoginTest.testVerifyThatUserIsAbleToLoginWithValidCredentials(LoginTest.java:81)
... Removed 27 stack frames]]>
    </failure>
  </testcase> <!-- testVerifyThatUserIsAbleToLoginWithValidCredentials -->
  <testcase name="testVerifyThatUserIsNotAbleToLoginWithInvalidCredentials" time="2.835" classname="tests.LoginTest"/>
  <testcase name="testVerifyThatUserIsNotAbleToLoginWithInvalidCredentials" time="2.016" classname="tests.LoginTest"/>
  <testcase name="testVerifyThatUserIsNotAbleToLoginWithInvalidCredentials" time="2.762" classname="tests.LoginTest"/>
  <testcase name="testVerifyThatUserIsNotAbleToLoginWithInvalidCredentials" time="2.512" classname="tests.LoginTest"/>
  <testcase name="testVerifyThatUserIsNotAbleToLoginWithInvalidCredentials" time="3.314" classname="tests.LoginTest"/>
  <testcase name="verifyThatAllMandatoryMessagesAreDisplayedWhenAllMandatoryFieldsAreEmptyAfterClickSubmitButton" time="2.531" classname="tests.RegisterTest"/>
  <testcase name="verifyThatErrorMessageIsDisplayedWhenCreatingUserWithUserNameThatIsAlreadyTaken" time="3.334" classname="tests.RegisterTest"/>
  <testcase name="verifyThatErrorMessageIsDisplayedWhenSendingDifferentPasswordsOnPasswordAndConfirmPasswordFields" time="2.278" classname="tests.RegisterTest"/>
  <testcase name="verifyThatErrorMessageIsDisplayedWhenSendingInvalidEmailOnEmailField" time="3.317" classname="tests.RegisterTest">
    <failure type="java.lang.AssertionError" message="expected [true] but found [false]">
      <![CDATA[java.lang.AssertionError: expected [true] but found [false]
	at tests.RegisterTest.verifyThatErrorMessageIsDisplayedWhenSendingInvalidEmailOnEmailField(RegisterTest.java:110)
... Removed 27 stack frames]]>
    </failure>
  </testcase> <!-- verifyThatErrorMessageIsDisplayedWhenSendingInvalidEmailOnEmailField -->
  <testcase name="verifyThatRegisterPageIsDisplayedWhenClickingOnRegisterLink" time="1.523" classname="tests.RegisterTest"/>
</testsuite> <!-- ChromeFunctionalTesting -->
