<html>
<head>
<title>TestNG:  ChromeFunctionalTesting</title>
<link href="../testng.css" rel="stylesheet" type="text/css" />
<link href="../my-testng.css" rel="stylesheet" type="text/css" />

<style type="text/css">
.log { display: none;} 
.stack-trace { display: none;} 
</style>
<script type="text/javascript">
<!--
function flip(e) {
  current = e.style.display;
  if (current == 'block') {
    e.style.display = 'none';
    return 0;
  }
  else {
    e.style.display = 'block';
    return 1;
  }
}

function toggleBox(szDivId, elem, msg1, msg2)
{
  var res = -1;  if (document.getElementById) {
    res = flip(document.getElementById(szDivId));
  }
  else if (document.all) {
    // this is the way old msie versions work
    res = flip(document.all[szDivId]);
  }
  if(elem) {
    if(res == 0) elem.innerHTML = msg1; else elem.innerHTML = msg2;
  }

}

function toggleAllBoxes() {
  if (document.getElementsByTagName) {
    d = document.getElementsByTagName('div');
    for (i = 0; i < d.length; i++) {
      if (d[i].className == 'log') {
        flip(d[i]);
      }
    }
  }
}

// -->
</script>

</head>
<body>
<h2 align='center'>ChromeFunctionalTesting</h2><table border='1' align="center">
<tr>
<td>Tests passed/Failed/Skipped:</td><td>10/3/0</td>
</tr><tr>
<td>Started on:</td><td>Wed Oct 11 15:26:23 CST 2017</td>
</tr>
<tr><td>Total time:</td><td>148 seconds (148680 ms)</td>
</tr><tr>
<td>Included groups:</td><td></td>
</tr><tr>
<td>Excluded groups:</td><td></td>
</tr>
</table><p/>
<small><i>(Hover the method name to see the test class name)</i></small><p/>
<table width='100%' border='1' class='invocation-failed'>
<tr><td colspan='4' align='center'><b>FAILED TESTS</b></td></tr>
<tr><td><b>Test method</b></td>
<td width="30%"><b>Exception</b></td>
<td width="10%"><b>Time (seconds)</b></td>
<td><b>Instance</b></td>
</tr>
<tr>
<td title='tests.LoginTest.testVerifyThatLoginPageTitleIsCorrectWhenUserClickLoginButtonSeveralTimes()'><b>testVerifyThatLoginPageTitleIsCorrectWhenUserClickLoginButtonSeveralTimes</b><br>Test class: tests.LoginTest</td>
<td><div><pre>java.lang.AssertionError: The following asserts failed:
null, null, null, null
	at tests.LoginTest.testVerifyThatLoginPageTitleIsCorrectWhenUserClickLoginButtonSeveralTimes(LoginTest.java:118)
... Removed 24 stack frames</pre></div><a href='#' onClick='toggleBox("stack-trace116669570", this, "Click to show all stack frames", "Click to hide stack frames")'>Click to show all stack frames</a>
<div class='stack-trace' id='stack-trace116669570'><pre>java.lang.AssertionError: The following asserts failed:
null, null, null, null
	at org.testng.asserts.SoftAssert.assertAll(SoftAssert.java:38)
	at tests.LoginTest.testVerifyThatLoginPageTitleIsCorrectWhenUserClickLoginButtonSeveralTimes(LoginTest.java:118)
	at sun.reflect.NativeMethodAccessorImpl.invoke0(Native Method)
	at sun.reflect.NativeMethodAccessorImpl.invoke(NativeMethodAccessorImpl.java:62)
	at sun.reflect.DelegatingMethodAccessorImpl.invoke(DelegatingMethodAccessorImpl.java:43)
	at java.lang.reflect.Method.invoke(Method.java:498)
	at org.testng.internal.MethodInvocationHelper.invokeMethod(MethodInvocationHelper.java:84)
	at org.testng.internal.Invoker.invokeMethod(Invoker.java:714)
	at org.testng.internal.Invoker.invokeTestMethod(Invoker.java:901)
	at org.testng.internal.Invoker.invokeTestMethods(Invoker.java:1231)
	at org.testng.internal.TestMethodWorker.invokeTestMethods(TestMethodWorker.java:127)
	at org.testng.internal.TestMethodWorker.run(TestMethodWorker.java:111)
	at org.testng.TestRunner.privateRun(TestRunner.java:767)
	at org.testng.TestRunner.run(TestRunner.java:617)
	at org.testng.SuiteRunner.runTest(SuiteRunner.java:334)
	at org.testng.SuiteRunner.runSequentially(SuiteRunner.java:329)
	at org.testng.SuiteRunner.privateRun(SuiteRunner.java:291)
	at org.testng.SuiteRunner.run(SuiteRunner.java:240)
	at org.testng.SuiteRunnerWorker.runSuite(SuiteRunnerWorker.java:52)
	at org.testng.SuiteRunnerWorker.run(SuiteRunnerWorker.java:86)
	at org.testng.TestNG.runSuitesSequentially(TestNG.java:1224)
	at org.testng.TestNG.runSuitesLocally(TestNG.java:1149)
	at org.testng.TestNG.run(TestNG.java:1057)
	at org.testng.TestNG.privateMain(TestNG.java:1364)
	at org.testng.TestNG.main(TestNG.java:1333)
</pre></div></td>
<td>1</td>
<td>tests.LoginTest@71e7a66b</td></tr>
<tr>
<td title='tests.LoginTest.testVerifyThatUserIsAbleToLoginWithValidCredentials()'><b>testVerifyThatUserIsAbleToLoginWithValidCredentials</b><br>Test class: tests.LoginTest</td>
<td><div><pre>java.lang.AssertionError: expected [true] but found [false]
	at tests.LoginTest.testVerifyThatUserIsAbleToLoginWithValidCredentials(LoginTest.java:81)
... Removed 27 stack frames</pre></div><a href='#' onClick='toggleBox("stack-trace839998248", this, "Click to show all stack frames", "Click to hide stack frames")'>Click to show all stack frames</a>
<div class='stack-trace' id='stack-trace839998248'><pre>java.lang.AssertionError: expected [true] but found [false]
	at org.testng.Assert.fail(Assert.java:94)
	at org.testng.Assert.failNotEquals(Assert.java:494)
	at org.testng.Assert.assertTrue(Assert.java:42)
	at org.testng.Assert.assertTrue(Assert.java:52)
	at tests.LoginTest.testVerifyThatUserIsAbleToLoginWithValidCredentials(LoginTest.java:81)
	at sun.reflect.NativeMethodAccessorImpl.invoke0(Native Method)
	at sun.reflect.NativeMethodAccessorImpl.invoke(NativeMethodAccessorImpl.java:62)
	at sun.reflect.DelegatingMethodAccessorImpl.invoke(DelegatingMethodAccessorImpl.java:43)
	at java.lang.reflect.Method.invoke(Method.java:498)
	at org.testng.internal.MethodInvocationHelper.invokeMethod(MethodInvocationHelper.java:84)
	at org.testng.internal.Invoker.invokeMethod(Invoker.java:714)
	at org.testng.internal.Invoker.invokeTestMethod(Invoker.java:901)
	at org.testng.internal.Invoker.invokeTestMethods(Invoker.java:1231)
	at org.testng.internal.TestMethodWorker.invokeTestMethods(TestMethodWorker.java:127)
	at org.testng.internal.TestMethodWorker.run(TestMethodWorker.java:111)
	at org.testng.TestRunner.privateRun(TestRunner.java:767)
	at org.testng.TestRunner.run(TestRunner.java:617)
	at org.testng.SuiteRunner.runTest(SuiteRunner.java:334)
	at org.testng.SuiteRunner.runSequentially(SuiteRunner.java:329)
	at org.testng.SuiteRunner.privateRun(SuiteRunner.java:291)
	at org.testng.SuiteRunner.run(SuiteRunner.java:240)
	at org.testng.SuiteRunnerWorker.runSuite(SuiteRunnerWorker.java:52)
	at org.testng.SuiteRunnerWorker.run(SuiteRunnerWorker.java:86)
	at org.testng.TestNG.runSuitesSequentially(TestNG.java:1224)
	at org.testng.TestNG.runSuitesLocally(TestNG.java:1149)
	at org.testng.TestNG.run(TestNG.java:1057)
	at org.testng.TestNG.privateMain(TestNG.java:1364)
	at org.testng.TestNG.main(TestNG.java:1333)
</pre></div></td>
<td>2</td>
<td>tests.LoginTest@71e7a66b</td></tr>
<tr>
<td title='tests.RegisterTest.verifyThatErrorMessageIsDisplayedWhenSendingInvalidEmailOnEmailField()'><b>verifyThatErrorMessageIsDisplayedWhenSendingInvalidEmailOnEmailField</b><br>Test class: tests.RegisterTest</td>
<td><div><pre>java.lang.AssertionError: expected [true] but found [false]
	at tests.RegisterTest.verifyThatErrorMessageIsDisplayedWhenSendingInvalidEmailOnEmailField(RegisterTest.java:110)
... Removed 27 stack frames</pre></div><a href='#' onClick='toggleBox("stack-trace711197015", this, "Click to show all stack frames", "Click to hide stack frames")'>Click to show all stack frames</a>
<div class='stack-trace' id='stack-trace711197015'><pre>java.lang.AssertionError: expected [true] but found [false]
	at org.testng.Assert.fail(Assert.java:94)
	at org.testng.Assert.failNotEquals(Assert.java:494)
	at org.testng.Assert.assertTrue(Assert.java:42)
	at org.testng.Assert.assertTrue(Assert.java:52)
	at tests.RegisterTest.verifyThatErrorMessageIsDisplayedWhenSendingInvalidEmailOnEmailField(RegisterTest.java:110)
	at sun.reflect.NativeMethodAccessorImpl.invoke0(Native Method)
	at sun.reflect.NativeMethodAccessorImpl.invoke(NativeMethodAccessorImpl.java:62)
	at sun.reflect.DelegatingMethodAccessorImpl.invoke(DelegatingMethodAccessorImpl.java:43)
	at java.lang.reflect.Method.invoke(Method.java:498)
	at org.testng.internal.MethodInvocationHelper.invokeMethod(MethodInvocationHelper.java:84)
	at org.testng.internal.Invoker.invokeMethod(Invoker.java:714)
	at org.testng.internal.Invoker.invokeTestMethod(Invoker.java:901)
	at org.testng.internal.Invoker.invokeTestMethods(Invoker.java:1231)
	at org.testng.internal.TestMethodWorker.invokeTestMethods(TestMethodWorker.java:127)
	at org.testng.internal.TestMethodWorker.run(TestMethodWorker.java:111)
	at org.testng.TestRunner.privateRun(TestRunner.java:767)
	at org.testng.TestRunner.run(TestRunner.java:617)
	at org.testng.SuiteRunner.runTest(SuiteRunner.java:334)
	at org.testng.SuiteRunner.runSequentially(SuiteRunner.java:329)
	at org.testng.SuiteRunner.privateRun(SuiteRunner.java:291)
	at org.testng.SuiteRunner.run(SuiteRunner.java:240)
	at org.testng.SuiteRunnerWorker.runSuite(SuiteRunnerWorker.java:52)
	at org.testng.SuiteRunnerWorker.run(SuiteRunnerWorker.java:86)
	at org.testng.TestNG.runSuitesSequentially(TestNG.java:1224)
	at org.testng.TestNG.runSuitesLocally(TestNG.java:1149)
	at org.testng.TestNG.run(TestNG.java:1057)
	at org.testng.TestNG.privateMain(TestNG.java:1364)
	at org.testng.TestNG.main(TestNG.java:1333)
</pre></div></td>
<td>3</td>
<td>tests.RegisterTest@7a92922</td></tr>
</table><p>
<table width='100%' border='1' class='invocation-passed'>
<tr><td colspan='4' align='center'><b>PASSED TESTS</b></td></tr>
<tr><td><b>Test method</b></td>
<td width="30%"><b>Exception</b></td>
<td width="10%"><b>Time (seconds)</b></td>
<td><b>Instance</b></td>
</tr>
<tr>
<td title='tests.LoginTest.testVerifyThatLoginPageIsDisplayedWhenUserClickLoginLink()'><b>testVerifyThatLoginPageIsDisplayedWhenUserClickLoginLink</b><br>Test class: tests.LoginTest</td>
<td></td>
<td>1</td>
<td>tests.LoginTest@71e7a66b</td></tr>
<tr>
<td title='tests.LoginTest.testVerifyThatUserIsNotAbleToLoginWithInvalidCredentials()'><b>testVerifyThatUserIsNotAbleToLoginWithInvalidCredentials</b><br>Test class: tests.LoginTest<br>Parameters: Fernando, Solis</td>
<td></td>
<td>2</td>
<td>tests.LoginTest@71e7a66b</td></tr>
<tr>
<td title='tests.LoginTest.testVerifyThatUserIsNotAbleToLoginWithInvalidCredentials()'><b>testVerifyThatUserIsNotAbleToLoginWithInvalidCredentials</b><br>Test class: tests.LoginTest<br>Parameters: Andres, Lopez</td>
<td></td>
<td>2</td>
<td>tests.LoginTest@71e7a66b</td></tr>
<tr>
<td title='tests.LoginTest.testVerifyThatUserIsNotAbleToLoginWithInvalidCredentials()'><b>testVerifyThatUserIsNotAbleToLoginWithInvalidCredentials</b><br>Test class: tests.LoginTest<br>Parameters: Rebeca, Najera</td>
<td></td>
<td>2</td>
<td>tests.LoginTest@71e7a66b</td></tr>
<tr>
<td title='tests.LoginTest.testVerifyThatUserIsNotAbleToLoginWithInvalidCredentials()'><b>testVerifyThatUserIsNotAbleToLoginWithInvalidCredentials</b><br>Test class: tests.LoginTest<br>Parameters: Brian, Salazar</td>
<td></td>
<td>2</td>
<td>tests.LoginTest@71e7a66b</td></tr>
<tr>
<td title='tests.LoginTest.testVerifyThatUserIsNotAbleToLoginWithInvalidCredentials()'><b>testVerifyThatUserIsNotAbleToLoginWithInvalidCredentials</b><br>Test class: tests.LoginTest<br>Parameters: Laurens, Chaves</td>
<td></td>
<td>3</td>
<td>tests.LoginTest@71e7a66b</td></tr>
<tr>
<td title='tests.RegisterTest.verifyThatAllMandatoryMessagesAreDisplayedWhenAllMandatoryFieldsAreEmptyAfterClickSubmitButton()'><b>verifyThatAllMandatoryMessagesAreDisplayedWhenAllMandatoryFieldsAreEmptyAfterClickSubmitButton</b><br>Test class: tests.RegisterTest</td>
<td></td>
<td>2</td>
<td>tests.RegisterTest@7a92922</td></tr>
<tr>
<td title='tests.RegisterTest.verifyThatErrorMessageIsDisplayedWhenCreatingUserWithUserNameThatIsAlreadyTaken()'><b>verifyThatErrorMessageIsDisplayedWhenCreatingUserWithUserNameThatIsAlreadyTaken</b><br>Test class: tests.RegisterTest</td>
<td></td>
<td>3</td>
<td>tests.RegisterTest@7a92922</td></tr>
<tr>
<td title='tests.RegisterTest.verifyThatErrorMessageIsDisplayedWhenSendingDifferentPasswordsOnPasswordAndConfirmPasswordFields()'><b>verifyThatErrorMessageIsDisplayedWhenSendingDifferentPasswordsOnPasswordAndConfirmPasswordFields</b><br>Test class: tests.RegisterTest</td>
<td></td>
<td>2</td>
<td>tests.RegisterTest@7a92922</td></tr>
<tr>
<td title='tests.RegisterTest.verifyThatRegisterPageIsDisplayedWhenClickingOnRegisterLink()'><b>verifyThatRegisterPageIsDisplayedWhenClickingOnRegisterLink</b><br>Test class: tests.RegisterTest</td>
<td></td>
<td>1</td>
<td>tests.RegisterTest@7a92922</td></tr>
</table><p>
</body>
</html>