<!DOCTYPE html PUBLIC "-//W3C//DTD XHTML 1.1//EN" "http://www.w3.org/TR/xhtml11/DTD/xhtml11.dtd">
<html xmlns="http://www.w3.org/1999/xhtml"><head><title>TestNG Report</title><style type="text/css">table {margin-bottom:10px;border-collapse:collapse;empty-cells:show}th,td {border:1px solid #009;padding:.25em .5em}th {vertical-align:bottom}td {vertical-align:top}table a {font-weight:bold}.stripe td {background-color: #E6EBF9}.num {text-align:right}.passedodd td {background-color: #3F3}.passedeven td {background-color: #0A0}.skippedodd td {background-color: #DDD}.skippedeven td {background-color: #CCC}.failedodd td,.attn {background-color: #F33}.failedeven td,.stripe .attn {background-color: #D00}.stacktrace {white-space:pre;font-family:monospace}.totop {font-size:85%;text-align:center;border-bottom:2px solid #000}</style></head><body><table><tr><th>Test</th><th># Passed</th><th># Skipped</th><th># Failed</th><th>Time (ms)</th><th>Included Groups</th><th>Excluded Groups</th></tr><tr><th colspan="7">Automation Training No Grid</th></tr><tr><td><a href="#t0">ChromeFunctionalTesting</a></td><td class="num">10</td><td class="num">0</td><td class="num attn">3</td><td class="num">148,680</td><td></td><td></td></tr></table><table><thead><tr><th>Class</th><th>Method</th><th>Start</th><th>Time (ms)</th></tr></thead><tbody><tr><th colspan="4">Automation Training No Grid</th></tr></tbody><tbody id="t0"><tr><th colspan="4">ChromeFunctionalTesting &#8212; failed</th></tr><tr class="failedeven"><td rowspan="2">tests.LoginTest</td><td><a href="#m0">testVerifyThatLoginPageTitleIsCorrectWhenUserClickLoginButtonSeveralTimes</a></td><td rowspan="1">1507757203161</td><td rowspan="1">1802</td></tr><tr class="failedeven"><td><a href="#m1">testVerifyThatUserIsAbleToLoginWithValidCredentials</a></td><td rowspan="1">1507757214779</td><td rowspan="1">2045</td></tr><tr class="failedodd"><td rowspan="1">tests.RegisterTest</td><td><a href="#m2">verifyThatErrorMessageIsDisplayedWhenSendingInvalidEmailOnEmailField</a></td><td rowspan="1">1507757316718</td><td rowspan="1">3317</td></tr><tr><th colspan="4">ChromeFunctionalTesting &#8212; passed</th></tr><tr class="passedeven"><td rowspan="6">tests.LoginTest</td><td><a href="#m3">testVerifyThatLoginPageIsDisplayedWhenUserClickLoginLink</a></td><td rowspan="1">1507757191100</td><td rowspan="1">1951</td></tr><tr class="passedeven"><td><a href="#m4">testVerifyThatUserIsNotAbleToLoginWithInvalidCredentials</a></td><td rowspan="5">1507757257269</td><td rowspan="5">2512</td></tr><tr class="passedeven"><td><a href="#m5">testVerifyThatUserIsNotAbleToLoginWithInvalidCredentials</a></td></tr><tr class="passedeven"><td><a href="#m6">testVerifyThatUserIsNotAbleToLoginWithInvalidCredentials</a></td></tr><tr class="passedeven"><td><a href="#m7">testVerifyThatUserIsNotAbleToLoginWithInvalidCredentials</a></td></tr><tr class="passedeven"><td><a href="#m8">testVerifyThatUserIsNotAbleToLoginWithInvalidCredentials</a></td></tr><tr class="passedodd"><td rowspan="4">tests.RegisterTest</td><td><a href="#m9">verifyThatAllMandatoryMessagesAreDisplayedWhenAllMandatoryFieldsAreEmptyAfterClickSubmitButton</a></td><td rowspan="1">1507757284333</td><td rowspan="1">2531</td></tr><tr class="passedodd"><td><a href="#m10">verifyThatErrorMessageIsDisplayedWhenCreatingUserWithUserNameThatIsAlreadyTaken</a></td><td rowspan="1">1507757294956</td><td rowspan="1">3334</td></tr><tr class="passedodd"><td><a href="#m11">verifyThatErrorMessageIsDisplayedWhenSendingDifferentPasswordsOnPasswordAndConfirmPasswordFields</a></td><td rowspan="1">1507757306545</td><td rowspan="1">2278</td></tr><tr class="passedodd"><td><a href="#m12">verifyThatRegisterPageIsDisplayedWhenClickingOnRegisterLink</a></td><td rowspan="1">1507757329033</td><td rowspan="1">1523</td></tr></tbody></table><h2>ChromeFunctionalTesting</h2><h3 id="m0">tests.LoginTest#testVerifyThatLoginPageTitleIsCorrectWhenUserClickLoginButtonSeveralTimes</h3><table class="result"><tr><th>Exception</th></tr><tr><td><div class="stacktrace">java.lang.AssertionError: The following asserts failed:
null, null, null, null
	at tests.LoginTest.testVerifyThatLoginPageTitleIsCorrectWhenUserClickLoginButtonSeveralTimes(LoginTest.java:118)
... Removed 24 stack frames</div></td></tr></table><p class="totop"><a href="#summary">back to summary</a></p><h3 id="m1">tests.LoginTest#testVerifyThatUserIsAbleToLoginWithValidCredentials</h3><table class="result"><tr><th>Exception</th></tr><tr><td><div class="stacktrace">java.lang.AssertionError: expected [true] but found [false]
	at tests.LoginTest.testVerifyThatUserIsAbleToLoginWithValidCredentials(LoginTest.java:81)
... Removed 27 stack frames</div></td></tr></table><p class="totop"><a href="#summary">back to summary</a></p><h3 id="m2">tests.RegisterTest#verifyThatErrorMessageIsDisplayedWhenSendingInvalidEmailOnEmailField</h3><table class="result"><tr><th>Exception</th></tr><tr><td><div class="stacktrace">java.lang.AssertionError: expected [true] but found [false]
	at tests.RegisterTest.verifyThatErrorMessageIsDisplayedWhenSendingInvalidEmailOnEmailField(RegisterTest.java:110)
... Removed 27 stack frames</div></td></tr></table><p class="totop"><a href="#summary">back to summary</a></p><h3 id="m3">tests.LoginTest#testVerifyThatLoginPageIsDisplayedWhenUserClickLoginLink</h3><table class="result"></table><p class="totop"><a href="#summary">back to summary</a></p><h3 id="m4">tests.LoginTest#testVerifyThatUserIsNotAbleToLoginWithInvalidCredentials</h3><table class="result"><tr class="param"><th>Parameter #1</th><th>Parameter #2</th></tr><tr class="param stripe"><td>Brian</td><td>Salazar</td></tr></table><p class="totop"><a href="#summary">back to summary</a></p><h3 id="m5">tests.LoginTest#testVerifyThatUserIsNotAbleToLoginWithInvalidCredentials</h3><table class="result"><tr class="param"><th>Parameter #1</th><th>Parameter #2</th></tr><tr class="param stripe"><td>Laurens</td><td>Chaves</td></tr></table><p class="totop"><a href="#summary">back to summary</a></p><h3 id="m6">tests.LoginTest#testVerifyThatUserIsNotAbleToLoginWithInvalidCredentials</h3><table class="result"><tr class="param"><th>Parameter #1</th><th>Parameter #2</th></tr><tr class="param stripe"><td>Fernando</td><td>Solis</td></tr></table><p class="totop"><a href="#summary">back to summary</a></p><h3 id="m7">tests.LoginTest#testVerifyThatUserIsNotAbleToLoginWithInvalidCredentials</h3><table class="result"><tr class="param"><th>Parameter #1</th><th>Parameter #2</th></tr><tr class="param stripe"><td>Rebeca</td><td>Najera</td></tr></table><p class="totop"><a href="#summary">back to summary</a></p><h3 id="m8">tests.LoginTest#testVerifyThatUserIsNotAbleToLoginWithInvalidCredentials</h3><table class="result"><tr class="param"><th>Parameter #1</th><th>Parameter #2</th></tr><tr class="param stripe"><td>Andres</td><td>Lopez</td></tr></table><p class="totop"><a href="#summary">back to summary</a></p><h3 id="m9">tests.RegisterTest#verifyThatAllMandatoryMessagesAreDisplayedWhenAllMandatoryFieldsAreEmptyAfterClickSubmitButton</h3><table class="result"></table><p class="totop"><a href="#summary">back to summary</a></p><h3 id="m10">tests.RegisterTest#verifyThatErrorMessageIsDisplayedWhenCreatingUserWithUserNameThatIsAlreadyTaken</h3><table class="result"></table><p class="totop"><a href="#summary">back to summary</a></p><h3 id="m11">tests.RegisterTest#verifyThatErrorMessageIsDisplayedWhenSendingDifferentPasswordsOnPasswordAndConfirmPasswordFields</h3><table class="result"></table><p class="totop"><a href="#summary">back to summary</a></p><h3 id="m12">tests.RegisterTest#verifyThatRegisterPageIsDisplayedWhenClickingOnRegisterLink</h3><table class="result"></table><p class="totop"><a href="#summary">back to summary</a></p></body></html>